<?xml version="1.0" encoding="UTF-8"?>
<testsuite xmlns:xsi="http://www.w3.org/2001/XMLSchema-instance" xsi:noNamespaceSchemaLocation="https://maven.apache.org/surefire/maven-surefire-plugin/xsd/surefire-test-report.xsd" name="com.example.accessingdatamongodb.MyTest" time="4.127" tests="1" errors="1" skipped="0" failures="0">
  <properties>
    <property name="sun.desktop" value="windows"/>
    <property name="awt.toolkit" value="sun.awt.windows.WToolkit"/>
    <property name="file.encoding.pkg" value="sun.io"/>
    <property name="java.specification.version" value="1.8"/>
    <property name="sun.cpu.isalist" value="amd64"/>
    <property name="sun.jnu.encoding" value="GBK"/>
    <property name="java.class.path" value="D:\hu\Study\Project\Last-Kilometer\MongodbDemo\target\test-classes;D:\hu\Study\Project\Last-Kilometer\MongodbDemo\target\classes;D:\hu\Environment\mavenRepo\repository\org\springframework\boot\spring-boot-starter-data-mongodb\2.3.2.RELEASE\spring-boot-starter-data-mongodb-2.3.2.RELEASE.jar;D:\hu\Environment\mavenRepo\repository\org\springframework\boot\spring-boot-starter\2.3.2.RELEASE\spring-boot-starter-2.3.2.RELEASE.jar;D:\hu\Environment\mavenRepo\repository\org\springframework\boot\spring-boot\2.3.2.RELEASE\spring-boot-2.3.2.RELEASE.jar;D:\hu\Environment\mavenRepo\repository\org\springframework\boot\spring-boot-autoconfigure\2.3.2.RELEASE\spring-boot-autoconfigure-2.3.2.RELEASE.jar;D:\hu\Environment\mavenRepo\repository\org\springframework\boot\spring-boot-starter-logging\2.3.2.RELEASE\spring-boot-starter-logging-2.3.2.RELEASE.jar;D:\hu\Environment\mavenRepo\repository\ch\qos\logback\logback-classic\1.2.3\logback-classic-1.2.3.jar;D:\hu\Environment\mavenRepo\repository\ch\qos\logback\logback-core\1.2.3\logback-core-1.2.3.jar;D:\hu\Environment\mavenRepo\repository\org\apache\logging\log4j\log4j-to-slf4j\2.13.3\log4j-to-slf4j-2.13.3.jar;D:\hu\Environment\mavenRepo\repository\org\apache\logging\log4j\log4j-api\2.13.3\log4j-api-2.13.3.jar;D:\hu\Environment\mavenRepo\repository\org\slf4j\jul-to-slf4j\1.7.30\jul-to-slf4j-1.7.30.jar;D:\hu\Environment\mavenRepo\repository\jakarta\annotation\jakarta.annotation-api\1.3.5\jakarta.annotation-api-1.3.5.jar;D:\hu\Environment\mavenRepo\repository\org\yaml\snakeyaml\1.26\snakeyaml-1.26.jar;D:\hu\Environment\mavenRepo\repository\org\mongodb\mongodb-driver-sync\4.0.5\mongodb-driver-sync-4.0.5.jar;D:\hu\Environment\mavenRepo\repository\org\mongodb\bson\4.0.5\bson-4.0.5.jar;D:\hu\Environment\mavenRepo\repository\org\mongodb\mongodb-driver-core\4.0.5\mongodb-driver-core-4.0.5.jar;D:\hu\Environment\mavenRepo\repository\org\springframework\data\spring-data-mongodb\3.0.2.RELEASE\spring-data-mongodb-3.0.2.RELEASE.jar;D:\hu\Environment\mavenRepo\repository\org\springframework\spring-tx\5.2.8.RELEASE\spring-tx-5.2.8.RELEASE.jar;D:\hu\Environment\mavenRepo\repository\org\springframework\spring-context\5.2.8.RELEASE\spring-context-5.2.8.RELEASE.jar;D:\hu\Environment\mavenRepo\repository\org\springframework\spring-beans\5.2.8.RELEASE\spring-beans-5.2.8.RELEASE.jar;D:\hu\Environment\mavenRepo\repository\org\springframework\spring-expression\5.2.8.RELEASE\spring-expression-5.2.8.RELEASE.jar;D:\hu\Environment\mavenRepo\repository\org\springframework\data\spring-data-commons\2.3.2.RELEASE\spring-data-commons-2.3.2.RELEASE.jar;D:\hu\Environment\mavenRepo\repository\org\springframework\boot\spring-boot-starter-test\2.3.2.RELEASE\spring-boot-starter-test-2.3.2.RELEASE.jar;D:\hu\Environment\mavenRepo\repository\org\springframework\boot\spring-boot-test\2.3.2.RELEASE\spring-boot-test-2.3.2.RELEASE.jar;D:\hu\Environment\mavenRepo\repository\org\springframework\boot\spring-boot-test-autoconfigure\2.3.2.RELEASE\spring-boot-test-autoconfigure-2.3.2.RELEASE.jar;D:\hu\Environment\mavenRepo\repository\com\jayway\jsonpath\json-path\2.4.0\json-path-2.4.0.jar;D:\hu\Environment\mavenRepo\repository\net\minidev\json-smart\2.3\json-smart-2.3.jar;D:\hu\Environment\mavenRepo\repository\net\minidev\accessors-smart\1.2\accessors-smart-1.2.jar;D:\hu\Environment\mavenRepo\repository\org\ow2\asm\asm\5.0.4\asm-5.0.4.jar;D:\hu\Environment\mavenRepo\repository\jakarta\xml\bind\jakarta.xml.bind-api\2.3.3\jakarta.xml.bind-api-2.3.3.jar;D:\hu\Environment\mavenRepo\repository\jakarta\activation\jakarta.activation-api\1.2.2\jakarta.activation-api-1.2.2.jar;D:\hu\Environment\mavenRepo\repository\org\assertj\assertj-core\3.16.1\assertj-core-3.16.1.jar;D:\hu\Environment\mavenRepo\repository\org\hamcrest\hamcrest\2.2\hamcrest-2.2.jar;D:\hu\Environment\mavenRepo\repository\org\junit\jupiter\junit-jupiter\5.6.2\junit-jupiter-5.6.2.jar;D:\hu\Environment\mavenRepo\repository\org\junit\jupiter\junit-jupiter-api\5.6.2\junit-jupiter-api-5.6.2.jar;D:\hu\Environment\mavenRepo\repository\org\apiguardian\apiguardian-api\1.1.0\apiguardian-api-1.1.0.jar;D:\hu\Environment\mavenRepo\repository\org\opentest4j\opentest4j\1.2.0\opentest4j-1.2.0.jar;D:\hu\Environment\mavenRepo\repository\org\junit\platform\junit-platform-commons\1.6.2\junit-platform-commons-1.6.2.jar;D:\hu\Environment\mavenRepo\repository\org\junit\jupiter\junit-jupiter-params\5.6.2\junit-jupiter-params-5.6.2.jar;D:\hu\Environment\mavenRepo\repository\org\junit\jupiter\junit-jupiter-engine\5.6.2\junit-jupiter-engine-5.6.2.jar;D:\hu\Environment\mavenRepo\repository\org\junit\platform\junit-platform-engine\1.6.2\junit-platform-engine-1.6.2.jar;D:\hu\Environment\mavenRepo\repository\org\mockito\mockito-core\3.3.3\mockito-core-3.3.3.jar;D:\hu\Environment\mavenRepo\repository\net\bytebuddy\byte-buddy\1.10.13\byte-buddy-1.10.13.jar;D:\hu\Environment\mavenRepo\repository\net\bytebuddy\byte-buddy-agent\1.10.13\byte-buddy-agent-1.10.13.jar;D:\hu\Environment\mavenRepo\repository\org\objenesis\objenesis\2.6\objenesis-2.6.jar;D:\hu\Environment\mavenRepo\repository\org\mockito\mockito-junit-jupiter\3.3.3\mockito-junit-jupiter-3.3.3.jar;D:\hu\Environment\mavenRepo\repository\org\skyscreamer\jsonassert\1.5.0\jsonassert-1.5.0.jar;D:\hu\Environment\mavenRepo\repository\com\vaadin\external\google\android-json\0.0.20131108.vaadin1\android-json-0.0.20131108.vaadin1.jar;D:\hu\Environment\mavenRepo\repository\org\springframework\spring-core\5.2.8.RELEASE\spring-core-5.2.8.RELEASE.jar;D:\hu\Environment\mavenRepo\repository\org\springframework\spring-jcl\5.2.8.RELEASE\spring-jcl-5.2.8.RELEASE.jar;D:\hu\Environment\mavenRepo\repository\org\springframework\spring-test\5.2.8.RELEASE\spring-test-5.2.8.RELEASE.jar;D:\hu\Environment\mavenRepo\repository\org\xmlunit\xmlunit-core\2.7.0\xmlunit-core-2.7.0.jar;D:\hu\Environment\mavenRepo\repository\org\springframework\boot\spring-boot-starter-web\2.3.2.RELEASE\spring-boot-starter-web-2.3.2.RELEASE.jar;D:\hu\Environment\mavenRepo\repository\org\springframework\boot\spring-boot-starter-json\2.3.2.RELEASE\spring-boot-starter-json-2.3.2.RELEASE.jar;D:\hu\Environment\mavenRepo\repository\com\fasterxml\jackson\core\jackson-databind\2.11.1\jackson-databind-2.11.1.jar;D:\hu\Environment\mavenRepo\repository\com\fasterxml\jackson\core\jackson-core\2.11.1\jackson-core-2.11.1.jar;D:\hu\Environment\mavenRepo\repository\com\fasterxml\jackson\datatype\jackson-datatype-jdk8\2.11.1\jackson-datatype-jdk8-2.11.1.jar;D:\hu\Environment\mavenRepo\repository\com\fasterxml\jackson\datatype\jackson-datatype-jsr310\2.11.1\jackson-datatype-jsr310-2.11.1.jar;D:\hu\Environment\mavenRepo\repository\com\fasterxml\jackson\module\jackson-module-parameter-names\2.11.1\jackson-module-parameter-names-2.11.1.jar;D:\hu\Environment\mavenRepo\repository\org\springframework\boot\spring-boot-starter-tomcat\2.3.2.RELEASE\spring-boot-starter-tomcat-2.3.2.RELEASE.jar;D:\hu\Environment\mavenRepo\repository\org\apache\tomcat\embed\tomcat-embed-core\9.0.37\tomcat-embed-core-9.0.37.jar;D:\hu\Environment\mavenRepo\repository\org\glassfish\jakarta.el\3.0.3\jakarta.el-3.0.3.jar;D:\hu\Environment\mavenRepo\repository\org\apache\tomcat\embed\tomcat-embed-websocket\9.0.37\tomcat-embed-websocket-9.0.37.jar;D:\hu\Environment\mavenRepo\repository\org\springframework\spring-web\5.2.8.RELEASE\spring-web-5.2.8.RELEASE.jar;D:\hu\Environment\mavenRepo\repository\org\springframework\spring-webmvc\5.2.8.RELEASE\spring-webmvc-5.2.8.RELEASE.jar;D:\hu\Environment\mavenRepo\repository\org\springframework\spring-aop\5.2.8.RELEASE\spring-aop-5.2.8.RELEASE.jar;D:\hu\Environment\mavenRepo\repository\org\apache\mahout\mahout-core\0.9\mahout-core-0.9.jar;D:\hu\Environment\mavenRepo\repository\org\codehaus\jackson\jackson-core-asl\1.9.12\jackson-core-asl-1.9.12.jar;D:\hu\Environment\mavenRepo\repository\org\codehaus\jackson\jackson-mapper-asl\1.9.12\jackson-mapper-asl-1.9.12.jar;D:\hu\Environment\mavenRepo\repository\org\slf4j\slf4j-api\1.7.30\slf4j-api-1.7.30.jar;D:\hu\Environment\mavenRepo\repository\org\apache\commons\commons-lang3\3.10\commons-lang3-3.10.jar;D:\hu\Environment\mavenRepo\repository\com\thoughtworks\xstream\xstream\1.4.4\xstream-1.4.4.jar;D:\hu\Environment\mavenRepo\repository\xmlpull\xmlpull\1.1.3.1\xmlpull-1.1.3.1.jar;D:\hu\Environment\mavenRepo\repository\xpp3\xpp3_min\1.1.4c\xpp3_min-1.1.4c.jar;D:\hu\Environment\mavenRepo\repository\org\apache\lucene\lucene-core\4.6.1\lucene-core-4.6.1.jar;D:\hu\Environment\mavenRepo\repository\org\apache\lucene\lucene-analyzers-common\4.6.1\lucene-analyzers-common-4.6.1.jar;D:\hu\Environment\mavenRepo\repository\org\apache\mahout\commons\commons-cli\2.0-mahout\commons-cli-2.0-mahout.jar;D:\hu\Environment\mavenRepo\repository\org\apache\commons\commons-math3\3.2\commons-math3-3.2.jar;D:\hu\Environment\mavenRepo\repository\org\apache\solr\solr-commons-csv\3.5.0\solr-commons-csv-3.5.0.jar;D:\hu\Environment\mavenRepo\repository\org\apache\mahout\mahout-math\0.9\mahout-math-0.9.jar;D:\hu\Environment\mavenRepo\repository\com\google\guava\guava\16.0\guava-16.0.jar;D:\hu\Environment\mavenRepo\repository\org\apache\hadoop\hadoop-core\1.2.1\hadoop-core-1.2.1.jar;D:\hu\Environment\mavenRepo\repository\commons-cli\commons-cli\1.2\commons-cli-1.2.jar;D:\hu\Environment\mavenRepo\repository\xmlenc\xmlenc\0.52\xmlenc-0.52.jar;D:\hu\Environment\mavenRepo\repository\com\sun\jersey\jersey-core\1.8\jersey-core-1.8.jar;D:\hu\Environment\mavenRepo\repository\com\sun\jersey\jersey-json\1.8\jersey-json-1.8.jar;D:\hu\Environment\mavenRepo\repository\org\codehaus\jettison\jettison\1.1\jettison-1.1.jar;D:\hu\Environment\mavenRepo\repository\stax\stax-api\1.0.1\stax-api-1.0.1.jar;D:\hu\Environment\mavenRepo\repository\com\sun\xml\bind\jaxb-impl\2.2.3-1\jaxb-impl-2.2.3-1.jar;D:\hu\Environment\mavenRepo\repository\javax\xml\bind\jaxb-api\2.3.1\jaxb-api-2.3.1.jar;D:\hu\Environment\mavenRepo\repository\javax\activation\javax.activation-api\1.2.0\javax.activation-api-1.2.0.jar;D:\hu\Environment\mavenRepo\repository\org\codehaus\jackson\jackson-jaxrs\1.7.1\jackson-jaxrs-1.7.1.jar;D:\hu\Environment\mavenRepo\repository\org\codehaus\jackson\jackson-xc\1.7.1\jackson-xc-1.7.1.jar;D:\hu\Environment\mavenRepo\repository\com\sun\jersey\jersey-server\1.8\jersey-server-1.8.jar;D:\hu\Environment\mavenRepo\repository\asm\asm\3.1\asm-3.1.jar;D:\hu\Environment\mavenRepo\repository\commons-io\commons-io\2.1\commons-io-2.1.jar;D:\hu\Environment\mavenRepo\repository\commons-httpclient\commons-httpclient\3.0.1\commons-httpclient-3.0.1.jar;D:\hu\Environment\mavenRepo\repository\junit\junit\4.13\junit-4.13.jar;D:\hu\Environment\mavenRepo\repository\org\hamcrest\hamcrest-core\2.2\hamcrest-core-2.2.jar;D:\hu\Environment\mavenRepo\repository\commons-logging\commons-logging\1.0.3\commons-logging-1.0.3.jar;D:\hu\Environment\mavenRepo\repository\commons-codec\commons-codec\1.14\commons-codec-1.14.jar;D:\hu\Environment\mavenRepo\repository\org\apache\commons\commons-math\2.1\commons-math-2.1.jar;D:\hu\Environment\mavenRepo\repository\commons-configuration\commons-configuration\1.6\commons-configuration-1.6.jar;D:\hu\Environment\mavenRepo\repository\commons-collections\commons-collections\3.2.1\commons-collections-3.2.1.jar;D:\hu\Environment\mavenRepo\repository\commons-lang\commons-lang\2.4\commons-lang-2.4.jar;D:\hu\Environment\mavenRepo\repository\commons-digester\commons-digester\1.8\commons-digester-1.8.jar;D:\hu\Environment\mavenRepo\repository\commons-beanutils\commons-beanutils\1.7.0\commons-beanutils-1.7.0.jar;D:\hu\Environment\mavenRepo\repository\commons-beanutils\commons-beanutils-core\1.8.0\commons-beanutils-core-1.8.0.jar;D:\hu\Environment\mavenRepo\repository\commons-net\commons-net\1.4.1\commons-net-1.4.1.jar;D:\hu\Environment\mavenRepo\repository\org\mortbay\jetty\jetty\6.1.26\jetty-6.1.26.jar;D:\hu\Environment\mavenRepo\repository\org\mortbay\jetty\servlet-api\2.5-20081211\servlet-api-2.5-20081211.jar;D:\hu\Environment\mavenRepo\repository\org\mortbay\jetty\jetty-util\6.1.26\jetty-util-6.1.26.jar;D:\hu\Environment\mavenRepo\repository\tomcat\jasper-runtime\5.5.12\jasper-runtime-5.5.12.jar;D:\hu\Environment\mavenRepo\repository\tomcat\jasper-compiler\5.5.12\jasper-compiler-5.5.12.jar;D:\hu\Environment\mavenRepo\repository\org\mortbay\jetty\jsp-api-2.1\6.1.14\jsp-api-2.1-6.1.14.jar;D:\hu\Environment\mavenRepo\repository\org\mortbay\jetty\servlet-api-2.5\6.1.14\servlet-api-2.5-6.1.14.jar;D:\hu\Environment\mavenRepo\repository\org\mortbay\jetty\jsp-2.1\6.1.14\jsp-2.1-6.1.14.jar;D:\hu\Environment\mavenRepo\repository\ant\ant\1.6.5\ant-1.6.5.jar;D:\hu\Environment\mavenRepo\repository\commons-el\commons-el\1.0\commons-el-1.0.jar;D:\hu\Environment\mavenRepo\repository\net\java\dev\jets3t\jets3t\0.6.1\jets3t-0.6.1.jar;D:\hu\Environment\mavenRepo\repository\hsqldb\hsqldb\1.8.0.10\hsqldb-1.8.0.10.jar;D:\hu\Environment\mavenRepo\repository\oro\oro\2.0.8\oro-2.0.8.jar;D:\hu\Environment\mavenRepo\repository\org\eclipse\jdt\core\3.1.1\core-3.1.1.jar;D:\hu\Environment\mavenRepo\repository\io\springfox\springfox-swagger2\2.9.2\springfox-swagger2-2.9.2.jar;D:\hu\Environment\mavenRepo\repository\io\swagger\swagger-annotations\1.5.20\swagger-annotations-1.5.20.jar;D:\hu\Environment\mavenRepo\repository\io\swagger\swagger-models\1.5.20\swagger-models-1.5.20.jar;D:\hu\Environment\mavenRepo\repository\com\fasterxml\jackson\core\jackson-annotations\2.11.1\jackson-annotations-2.11.1.jar;D:\hu\Environment\mavenRepo\repository\io\springfox\springfox-spi\2.9.2\springfox-spi-2.9.2.jar;D:\hu\Environment\mavenRepo\repository\io\springfox\springfox-core\2.9.2\springfox-core-2.9.2.jar;D:\hu\Environment\mavenRepo\repository\io\springfox\springfox-schema\2.9.2\springfox-schema-2.9.2.jar;D:\hu\Environment\mavenRepo\repository\io\springfox\springfox-swagger-common\2.9.2\springfox-swagger-common-2.9.2.jar;D:\hu\Environment\mavenRepo\repository\io\springfox\springfox-spring-web\2.9.2\springfox-spring-web-2.9.2.jar;D:\hu\Environment\mavenRepo\repository\com\fasterxml\classmate\1.5.1\classmate-1.5.1.jar;D:\hu\Environment\mavenRepo\repository\org\springframework\plugin\spring-plugin-core\1.2.0.RELEASE\spring-plugin-core-1.2.0.RELEASE.jar;D:\hu\Environment\mavenRepo\repository\org\springframework\plugin\spring-plugin-metadata\1.2.0.RELEASE\spring-plugin-metadata-1.2.0.RELEASE.jar;D:\hu\Environment\mavenRepo\repository\org\mapstruct\mapstruct\1.2.0.Final\mapstruct-1.2.0.Final.jar;D:\hu\Environment\mavenRepo\repository\io\springfox\springfox-swagger-ui\2.9.2\springfox-swagger-ui-2.9.2.jar;D:\hu\Environment\mavenRepo\repository\com\github\xiaoymin\knife4j-spring-boot-starter\2.0.6\knife4j-spring-boot-starter-2.0.6.jar;D:\hu\Environment\mavenRepo\repository\com\github\xiaoymin\knife4j-spring-boot-autoconfigure\2.0.6\knife4j-spring-boot-autoconfigure-2.0.6.jar;D:\hu\Environment\mavenRepo\repository\com\github\xiaoymin\knife4j-spring\2.0.6\knife4j-spring-2.0.6.jar;D:\hu\Environment\mavenRepo\repository\com\github\xiaoymin\knife4j-annotations\2.0.6\knife4j-annotations-2.0.6.jar;D:\hu\Environment\mavenRepo\repository\com\github\xiaoymin\knife4j-core\2.0.6\knife4j-core-2.0.6.jar;D:\hu\Environment\mavenRepo\repository\org\javassist\javassist\3.25.0-GA\javassist-3.25.0-GA.jar;D:\hu\Environment\mavenRepo\repository\io\springfox\springfox-bean-validators\2.10.5\springfox-bean-validators-2.10.5.jar;D:\hu\Environment\mavenRepo\repository\io\springfox\springfox-spring-webmvc\2.10.5\springfox-spring-webmvc-2.10.5.jar;D:\hu\Environment\mavenRepo\repository\com\github\xiaoymin\knife4j-spring-ui\2.0.6\knife4j-spring-ui-2.0.6.jar;D:\hu\Environment\mavenRepo\repository\org\jetbrains\annotations\20.1.0\annotations-20.1.0.jar;"/>
    <property name="java.vm.vendor" value="Oracle Corporation"/>
    <property name="sun.arch.data.model" value="64"/>
    <property name="user.variant" value=""/>
    <property name="java.vendor.url" value="http://java.oracle.com/"/>
    <property name="user.timezone" value="Asia/Shanghai"/>
    <property name="java.vm.specification.version" value="1.8"/>
    <property name="os.name" value="Windows 8.1"/>
    <property name="user.country" value="CN"/>
    <property name="sun.java.launcher" value="SUN_STANDARD"/>
    <property name="sun.boot.library.path" value="D:\hu\Environment\java\jdk8\jre\bin"/>
    <property name="sun.java.command" value="C:\Users\HuHuHu\AppData\Local\Temp\surefire4921413081467503866\surefirebooter3477911425866814686.jar C:\Users\HuHuHu\AppData\Local\Temp\surefire4921413081467503866 2020-12-12T10-46-38_423-jvmRun1 surefire5436769844232763475tmp surefire_03054497768724798575tmp"/>
    <property name="surefire.test.class.path" value="D:\hu\Study\Project\Last-Kilometer\MongodbDemo\target\test-classes;D:\hu\Study\Project\Last-Kilometer\MongodbDemo\target\classes;D:\hu\Environment\mavenRepo\repository\org\springframework\boot\spring-boot-starter-data-mongodb\2.3.2.RELEASE\spring-boot-starter-data-mongodb-2.3.2.RELEASE.jar;D:\hu\Environment\mavenRepo\repository\org\springframework\boot\spring-boot-starter\2.3.2.RELEASE\spring-boot-starter-2.3.2.RELEASE.jar;D:\hu\Environment\mavenRepo\repository\org\springframework\boot\spring-boot\2.3.2.RELEASE\spring-boot-2.3.2.RELEASE.jar;D:\hu\Environment\mavenRepo\repository\org\springframework\boot\spring-boot-autoconfigure\2.3.2.RELEASE\spring-boot-autoconfigure-2.3.2.RELEASE.jar;D:\hu\Environment\mavenRepo\repository\org\springframework\boot\spring-boot-starter-logging\2.3.2.RELEASE\spring-boot-starter-logging-2.3.2.RELEASE.jar;D:\hu\Environment\mavenRepo\repository\ch\qos\logback\logback-classic\1.2.3\logback-classic-1.2.3.jar;D:\hu\Environment\mavenRepo\repository\ch\qos\logback\logback-core\1.2.3\logback-core-1.2.3.jar;D:\hu\Environment\mavenRepo\repository\org\apache\logging\log4j\log4j-to-slf4j\2.13.3\log4j-to-slf4j-2.13.3.jar;D:\hu\Environment\mavenRepo\repository\org\apache\logging\log4j\log4j-api\2.13.3\log4j-api-2.13.3.jar;D:\hu\Environment\mavenRepo\repository\org\slf4j\jul-to-slf4j\1.7.30\jul-to-slf4j-1.7.30.jar;D:\hu\Environment\mavenRepo\repository\jakarta\annotation\jakarta.annotation-api\1.3.5\jakarta.annotation-api-1.3.5.jar;D:\hu\Environment\mavenRepo\repository\org\yaml\snakeyaml\1.26\snakeyaml-1.26.jar;D:\hu\Environment\mavenRepo\repository\org\mongodb\mongodb-driver-sync\4.0.5\mongodb-driver-sync-4.0.5.jar;D:\hu\Environment\mavenRepo\repository\org\mongodb\bson\4.0.5\bson-4.0.5.jar;D:\hu\Environment\mavenRepo\repository\org\mongodb\mongodb-driver-core\4.0.5\mongodb-driver-core-4.0.5.jar;D:\hu\Environment\mavenRepo\repository\org\springframework\data\spring-data-mongodb\3.0.2.RELEASE\spring-data-mongodb-3.0.2.RELEASE.jar;D:\hu\Environment\mavenRepo\repository\org\springframework\spring-tx\5.2.8.RELEASE\spring-tx-5.2.8.RELEASE.jar;D:\hu\Environment\mavenRepo\repository\org\springframework\spring-context\5.2.8.RELEASE\spring-context-5.2.8.RELEASE.jar;D:\hu\Environment\mavenRepo\repository\org\springframework\spring-beans\5.2.8.RELEASE\spring-beans-5.2.8.RELEASE.jar;D:\hu\Environment\mavenRepo\repository\org\springframework\spring-expression\5.2.8.RELEASE\spring-expression-5.2.8.RELEASE.jar;D:\hu\Environment\mavenRepo\repository\org\springframework\data\spring-data-commons\2.3.2.RELEASE\spring-data-commons-2.3.2.RELEASE.jar;D:\hu\Environment\mavenRepo\repository\org\springframework\boot\spring-boot-starter-test\2.3.2.RELEASE\spring-boot-starter-test-2.3.2.RELEASE.jar;D:\hu\Environment\mavenRepo\repository\org\springframework\boot\spring-boot-test\2.3.2.RELEASE\spring-boot-test-2.3.2.RELEASE.jar;D:\hu\Environment\mavenRepo\repository\org\springframework\boot\spring-boot-test-autoconfigure\2.3.2.RELEASE\spring-boot-test-autoconfigure-2.3.2.RELEASE.jar;D:\hu\Environment\mavenRepo\repository\com\jayway\jsonpath\json-path\2.4.0\json-path-2.4.0.jar;D:\hu\Environment\mavenRepo\repository\net\minidev\json-smart\2.3\json-smart-2.3.jar;D:\hu\Environment\mavenRepo\repository\net\minidev\accessors-smart\1.2\accessors-smart-1.2.jar;D:\hu\Environment\mavenRepo\repository\org\ow2\asm\asm\5.0.4\asm-5.0.4.jar;D:\hu\Environment\mavenRepo\repository\jakarta\xml\bind\jakarta.xml.bind-api\2.3.3\jakarta.xml.bind-api-2.3.3.jar;D:\hu\Environment\mavenRepo\repository\jakarta\activation\jakarta.activation-api\1.2.2\jakarta.activation-api-1.2.2.jar;D:\hu\Environment\mavenRepo\repository\org\assertj\assertj-core\3.16.1\assertj-core-3.16.1.jar;D:\hu\Environment\mavenRepo\repository\org\hamcrest\hamcrest\2.2\hamcrest-2.2.jar;D:\hu\Environment\mavenRepo\repository\org\junit\jupiter\junit-jupiter\5.6.2\junit-jupiter-5.6.2.jar;D:\hu\Environment\mavenRepo\repository\org\junit\jupiter\junit-jupiter-api\5.6.2\junit-jupiter-api-5.6.2.jar;D:\hu\Environment\mavenRepo\repository\org\apiguardian\apiguardian-api\1.1.0\apiguardian-api-1.1.0.jar;D:\hu\Environment\mavenRepo\repository\org\opentest4j\opentest4j\1.2.0\opentest4j-1.2.0.jar;D:\hu\Environment\mavenRepo\repository\org\junit\platform\junit-platform-commons\1.6.2\junit-platform-commons-1.6.2.jar;D:\hu\Environment\mavenRepo\repository\org\junit\jupiter\junit-jupiter-params\5.6.2\junit-jupiter-params-5.6.2.jar;D:\hu\Environment\mavenRepo\repository\org\junit\jupiter\junit-jupiter-engine\5.6.2\junit-jupiter-engine-5.6.2.jar;D:\hu\Environment\mavenRepo\repository\org\junit\platform\junit-platform-engine\1.6.2\junit-platform-engine-1.6.2.jar;D:\hu\Environment\mavenRepo\repository\org\mockito\mockito-core\3.3.3\mockito-core-3.3.3.jar;D:\hu\Environment\mavenRepo\repository\net\bytebuddy\byte-buddy\1.10.13\byte-buddy-1.10.13.jar;D:\hu\Environment\mavenRepo\repository\net\bytebuddy\byte-buddy-agent\1.10.13\byte-buddy-agent-1.10.13.jar;D:\hu\Environment\mavenRepo\repository\org\objenesis\objenesis\2.6\objenesis-2.6.jar;D:\hu\Environment\mavenRepo\repository\org\mockito\mockito-junit-jupiter\3.3.3\mockito-junit-jupiter-3.3.3.jar;D:\hu\Environment\mavenRepo\repository\org\skyscreamer\jsonassert\1.5.0\jsonassert-1.5.0.jar;D:\hu\Environment\mavenRepo\repository\com\vaadin\external\google\android-json\0.0.20131108.vaadin1\android-json-0.0.20131108.vaadin1.jar;D:\hu\Environment\mavenRepo\repository\org\springframework\spring-core\5.2.8.RELEASE\spring-core-5.2.8.RELEASE.jar;D:\hu\Environment\mavenRepo\repository\org\springframework\spring-jcl\5.2.8.RELEASE\spring-jcl-5.2.8.RELEASE.jar;D:\hu\Environment\mavenRepo\repository\org\springframework\spring-test\5.2.8.RELEASE\spring-test-5.2.8.RELEASE.jar;D:\hu\Environment\mavenRepo\repository\org\xmlunit\xmlunit-core\2.7.0\xmlunit-core-2.7.0.jar;D:\hu\Environment\mavenRepo\repository\org\springframework\boot\spring-boot-starter-web\2.3.2.RELEASE\spring-boot-starter-web-2.3.2.RELEASE.jar;D:\hu\Environment\mavenRepo\repository\org\springframework\boot\spring-boot-starter-json\2.3.2.RELEASE\spring-boot-starter-json-2.3.2.RELEASE.jar;D:\hu\Environment\mavenRepo\repository\com\fasterxml\jackson\core\jackson-databind\2.11.1\jackson-databind-2.11.1.jar;D:\hu\Environment\mavenRepo\repository\com\fasterxml\jackson\core\jackson-core\2.11.1\jackson-core-2.11.1.jar;D:\hu\Environment\mavenRepo\repository\com\fasterxml\jackson\datatype\jackson-datatype-jdk8\2.11.1\jackson-datatype-jdk8-2.11.1.jar;D:\hu\Environment\mavenRepo\repository\com\fasterxml\jackson\datatype\jackson-datatype-jsr310\2.11.1\jackson-datatype-jsr310-2.11.1.jar;D:\hu\Environment\mavenRepo\repository\com\fasterxml\jackson\module\jackson-module-parameter-names\2.11.1\jackson-module-parameter-names-2.11.1.jar;D:\hu\Environment\mavenRepo\repository\org\springframework\boot\spring-boot-starter-tomcat\2.3.2.RELEASE\spring-boot-starter-tomcat-2.3.2.RELEASE.jar;D:\hu\Environment\mavenRepo\repository\org\apache\tomcat\embed\tomcat-embed-core\9.0.37\tomcat-embed-core-9.0.37.jar;D:\hu\Environment\mavenRepo\repository\org\glassfish\jakarta.el\3.0.3\jakarta.el-3.0.3.jar;D:\hu\Environment\mavenRepo\repository\org\apache\tomcat\embed\tomcat-embed-websocket\9.0.37\tomcat-embed-websocket-9.0.37.jar;D:\hu\Environment\mavenRepo\repository\org\springframework\spring-web\5.2.8.RELEASE\spring-web-5.2.8.RELEASE.jar;D:\hu\Environment\mavenRepo\repository\org\springframework\spring-webmvc\5.2.8.RELEASE\spring-webmvc-5.2.8.RELEASE.jar;D:\hu\Environment\mavenRepo\repository\org\springframework\spring-aop\5.2.8.RELEASE\spring-aop-5.2.8.RELEASE.jar;D:\hu\Environment\mavenRepo\repository\org\apache\mahout\mahout-core\0.9\mahout-core-0.9.jar;D:\hu\Environment\mavenRepo\repository\org\codehaus\jackson\jackson-core-asl\1.9.12\jackson-core-asl-1.9.12.jar;D:\hu\Environment\mavenRepo\repository\org\codehaus\jackson\jackson-mapper-asl\1.9.12\jackson-mapper-asl-1.9.12.jar;D:\hu\Environment\mavenRepo\repository\org\slf4j\slf4j-api\1.7.30\slf4j-api-1.7.30.jar;D:\hu\Environment\mavenRepo\repository\org\apache\commons\commons-lang3\3.10\commons-lang3-3.10.jar;D:\hu\Environment\mavenRepo\repository\com\thoughtworks\xstream\xstream\1.4.4\xstream-1.4.4.jar;D:\hu\Environment\mavenRepo\repository\xmlpull\xmlpull\1.1.3.1\xmlpull-1.1.3.1.jar;D:\hu\Environment\mavenRepo\repository\xpp3\xpp3_min\1.1.4c\xpp3_min-1.1.4c.jar;D:\hu\Environment\mavenRepo\repository\org\apache\lucene\lucene-core\4.6.1\lucene-core-4.6.1.jar;D:\hu\Environment\mavenRepo\repository\org\apache\lucene\lucene-analyzers-common\4.6.1\lucene-analyzers-common-4.6.1.jar;D:\hu\Environment\mavenRepo\repository\org\apache\mahout\commons\commons-cli\2.0-mahout\commons-cli-2.0-mahout.jar;D:\hu\Environment\mavenRepo\repository\org\apache\commons\commons-math3\3.2\commons-math3-3.2.jar;D:\hu\Environment\mavenRepo\repository\org\apache\solr\solr-commons-csv\3.5.0\solr-commons-csv-3.5.0.jar;D:\hu\Environment\mavenRepo\repository\org\apache\mahout\mahout-math\0.9\mahout-math-0.9.jar;D:\hu\Environment\mavenRepo\repository\com\google\guava\guava\16.0\guava-16.0.jar;D:\hu\Environment\mavenRepo\repository\org\apache\hadoop\hadoop-core\1.2.1\hadoop-core-1.2.1.jar;D:\hu\Environment\mavenRepo\repository\commons-cli\commons-cli\1.2\commons-cli-1.2.jar;D:\hu\Environment\mavenRepo\repository\xmlenc\xmlenc\0.52\xmlenc-0.52.jar;D:\hu\Environment\mavenRepo\repository\com\sun\jersey\jersey-core\1.8\jersey-core-1.8.jar;D:\hu\Environment\mavenRepo\repository\com\sun\jersey\jersey-json\1.8\jersey-json-1.8.jar;D:\hu\Environment\mavenRepo\repository\org\codehaus\jettison\jettison\1.1\jettison-1.1.jar;D:\hu\Environment\mavenRepo\repository\stax\stax-api\1.0.1\stax-api-1.0.1.jar;D:\hu\Environment\mavenRepo\repository\com\sun\xml\bind\jaxb-impl\2.2.3-1\jaxb-impl-2.2.3-1.jar;D:\hu\Environment\mavenRepo\repository\javax\xml\bind\jaxb-api\2.3.1\jaxb-api-2.3.1.jar;D:\hu\Environment\mavenRepo\repository\javax\activation\javax.activation-api\1.2.0\javax.activation-api-1.2.0.jar;D:\hu\Environment\mavenRepo\repository\org\codehaus\jackson\jackson-jaxrs\1.7.1\jackson-jaxrs-1.7.1.jar;D:\hu\Environment\mavenRepo\repository\org\codehaus\jackson\jackson-xc\1.7.1\jackson-xc-1.7.1.jar;D:\hu\Environment\mavenRepo\repository\com\sun\jersey\jersey-server\1.8\jersey-server-1.8.jar;D:\hu\Environment\mavenRepo\repository\asm\asm\3.1\asm-3.1.jar;D:\hu\Environment\mavenRepo\repository\commons-io\commons-io\2.1\commons-io-2.1.jar;D:\hu\Environment\mavenRepo\repository\commons-httpclient\commons-httpclient\3.0.1\commons-httpclient-3.0.1.jar;D:\hu\Environment\mavenRepo\repository\junit\junit\4.13\junit-4.13.jar;D:\hu\Environment\mavenRepo\repository\org\hamcrest\hamcrest-core\2.2\hamcrest-core-2.2.jar;D:\hu\Environment\mavenRepo\repository\commons-logging\commons-logging\1.0.3\commons-logging-1.0.3.jar;D:\hu\Environment\mavenRepo\repository\commons-codec\commons-codec\1.14\commons-codec-1.14.jar;D:\hu\Environment\mavenRepo\repository\org\apache\commons\commons-math\2.1\commons-math-2.1.jar;D:\hu\Environment\mavenRepo\repository\commons-configuration\commons-configuration\1.6\commons-configuration-1.6.jar;D:\hu\Environment\mavenRepo\repository\commons-collections\commons-collections\3.2.1\commons-collections-3.2.1.jar;D:\hu\Environment\mavenRepo\repository\commons-lang\commons-lang\2.4\commons-lang-2.4.jar;D:\hu\Environment\mavenRepo\repository\commons-digester\commons-digester\1.8\commons-digester-1.8.jar;D:\hu\Environment\mavenRepo\repository\commons-beanutils\commons-beanutils\1.7.0\commons-beanutils-1.7.0.jar;D:\hu\Environment\mavenRepo\repository\commons-beanutils\commons-beanutils-core\1.8.0\commons-beanutils-core-1.8.0.jar;D:\hu\Environment\mavenRepo\repository\commons-net\commons-net\1.4.1\commons-net-1.4.1.jar;D:\hu\Environment\mavenRepo\repository\org\mortbay\jetty\jetty\6.1.26\jetty-6.1.26.jar;D:\hu\Environment\mavenRepo\repository\org\mortbay\jetty\servlet-api\2.5-20081211\servlet-api-2.5-20081211.jar;D:\hu\Environment\mavenRepo\repository\org\mortbay\jetty\jetty-util\6.1.26\jetty-util-6.1.26.jar;D:\hu\Environment\mavenRepo\repository\tomcat\jasper-runtime\5.5.12\jasper-runtime-5.5.12.jar;D:\hu\Environment\mavenRepo\repository\tomcat\jasper-compiler\5.5.12\jasper-compiler-5.5.12.jar;D:\hu\Environment\mavenRepo\repository\org\mortbay\jetty\jsp-api-2.1\6.1.14\jsp-api-2.1-6.1.14.jar;D:\hu\Environment\mavenRepo\repository\org\mortbay\jetty\servlet-api-2.5\6.1.14\servlet-api-2.5-6.1.14.jar;D:\hu\Environment\mavenRepo\repository\org\mortbay\jetty\jsp-2.1\6.1.14\jsp-2.1-6.1.14.jar;D:\hu\Environment\mavenRepo\repository\ant\ant\1.6.5\ant-1.6.5.jar;D:\hu\Environment\mavenRepo\repository\commons-el\commons-el\1.0\commons-el-1.0.jar;D:\hu\Environment\mavenRepo\repository\net\java\dev\jets3t\jets3t\0.6.1\jets3t-0.6.1.jar;D:\hu\Environment\mavenRepo\repository\hsqldb\hsqldb\1.8.0.10\hsqldb-1.8.0.10.jar;D:\hu\Environment\mavenRepo\repository\oro\oro\2.0.8\oro-2.0.8.jar;D:\hu\Environment\mavenRepo\repository\org\eclipse\jdt\core\3.1.1\core-3.1.1.jar;D:\hu\Environment\mavenRepo\repository\io\springfox\springfox-swagger2\2.9.2\springfox-swagger2-2.9.2.jar;D:\hu\Environment\mavenRepo\repository\io\swagger\swagger-annotations\1.5.20\swagger-annotations-1.5.20.jar;D:\hu\Environment\mavenRepo\repository\io\swagger\swagger-models\1.5.20\swagger-models-1.5.20.jar;D:\hu\Environment\mavenRepo\repository\com\fasterxml\jackson\core\jackson-annotations\2.11.1\jackson-annotations-2.11.1.jar;D:\hu\Environment\mavenRepo\repository\io\springfox\springfox-spi\2.9.2\springfox-spi-2.9.2.jar;D:\hu\Environment\mavenRepo\repository\io\springfox\springfox-core\2.9.2\springfox-core-2.9.2.jar;D:\hu\Environment\mavenRepo\repository\io\springfox\springfox-schema\2.9.2\springfox-schema-2.9.2.jar;D:\hu\Environment\mavenRepo\repository\io\springfox\springfox-swagger-common\2.9.2\springfox-swagger-common-2.9.2.jar;D:\hu\Environment\mavenRepo\repository\io\springfox\springfox-spring-web\2.9.2\springfox-spring-web-2.9.2.jar;D:\hu\Environment\mavenRepo\repository\com\fasterxml\classmate\1.5.1\classmate-1.5.1.jar;D:\hu\Environment\mavenRepo\repository\org\springframework\plugin\spring-plugin-core\1.2.0.RELEASE\spring-plugin-core-1.2.0.RELEASE.jar;D:\hu\Environment\mavenRepo\repository\org\springframework\plugin\spring-plugin-metadata\1.2.0.RELEASE\spring-plugin-metadata-1.2.0.RELEASE.jar;D:\hu\Environment\mavenRepo\repository\org\mapstruct\mapstruct\1.2.0.Final\mapstruct-1.2.0.Final.jar;D:\hu\Environment\mavenRepo\repository\io\springfox\springfox-swagger-ui\2.9.2\springfox-swagger-ui-2.9.2.jar;D:\hu\Environment\mavenRepo\repository\com\github\xiaoymin\knife4j-spring-boot-starter\2.0.6\knife4j-spring-boot-starter-2.0.6.jar;D:\hu\Environment\mavenRepo\repository\com\github\xiaoymin\knife4j-spring-boot-autoconfigure\2.0.6\knife4j-spring-boot-autoconfigure-2.0.6.jar;D:\hu\Environment\mavenRepo\repository\com\github\xiaoymin\knife4j-spring\2.0.6\knife4j-spring-2.0.6.jar;D:\hu\Environment\mavenRepo\repository\com\github\xiaoymin\knife4j-annotations\2.0.6\knife4j-annotations-2.0.6.jar;D:\hu\Environment\mavenRepo\repository\com\github\xiaoymin\knife4j-core\2.0.6\knife4j-core-2.0.6.jar;D:\hu\Environment\mavenRepo\repository\org\javassist\javassist\3.25.0-GA\javassist-3.25.0-GA.jar;D:\hu\Environment\mavenRepo\repository\io\springfox\springfox-bean-validators\2.10.5\springfox-bean-validators-2.10.5.jar;D:\hu\Environment\mavenRepo\repository\io\springfox\springfox-spring-webmvc\2.10.5\springfox-spring-webmvc-2.10.5.jar;D:\hu\Environment\mavenRepo\repository\com\github\xiaoymin\knife4j-spring-ui\2.0.6\knife4j-spring-ui-2.0.6.jar;D:\hu\Environment\mavenRepo\repository\org\jetbrains\annotations\20.1.0\annotations-20.1.0.jar;"/>
    <property name="sun.cpu.endian" value="little"/>
    <property name="user.home" value="C:\Users\HuHuHu"/>
    <property name="user.language" value="zh"/>
    <property name="java.specification.vendor" value="Oracle Corporation"/>
    <property name="java.home" value="D:\hu\Environment\java\jdk8\jre"/>
    <property name="basedir" value="D:\hu\Study\Project\Last-Kilometer\MongodbDemo"/>
    <property name="file.separator" value="\"/>
    <property name="line.separator" value="&#10;"/>
    <property name="java.vm.specification.vendor" value="Oracle Corporation"/>
    <property name="java.specification.name" value="Java Platform API Specification"/>
    <property name="java.awt.graphicsenv" value="sun.awt.Win32GraphicsEnvironment"/>
    <property name="surefire.real.class.path" value="C:\Users\HuHuHu\AppData\Local\Temp\surefire4921413081467503866\surefirebooter3477911425866814686.jar"/>
    <property name="sun.boot.class.path" value="D:\hu\Environment\java\jdk8\jre\lib\resources.jar;D:\hu\Environment\java\jdk8\jre\lib\rt.jar;D:\hu\Environment\java\jdk8\jre\lib\sunrsasign.jar;D:\hu\Environment\java\jdk8\jre\lib\jsse.jar;D:\hu\Environment\java\jdk8\jre\lib\jce.jar;D:\hu\Environment\java\jdk8\jre\lib\charsets.jar;D:\hu\Environment\java\jdk8\jre\lib\jfr.jar;D:\hu\Environment\java\jdk8\jre\classes"/>
    <property name="user.script" value=""/>
    <property name="sun.management.compiler" value="HotSpot 64-Bit Tiered Compilers"/>
    <property name="java.runtime.version" value="1.8.0_40-b25"/>
    <property name="user.name" value="HuHuHu"/>
    <property name="path.separator" value=";"/>
    <property name="os.version" value="6.3"/>
    <property name="java.endorsed.dirs" value="D:\hu\Environment\java\jdk8\jre\lib\endorsed"/>
    <property name="java.runtime.name" value="Java(TM) SE Runtime Environment"/>
    <property name="file.encoding" value="GBK"/>
    <property name="java.vm.name" value="Java HotSpot(TM) 64-Bit Server VM"/>
    <property name="localRepository" value="D:\hu\Environment\mavenRepo\repository"/>
    <property name="java.vendor.url.bug" value="http://bugreport.sun.com/bugreport/"/>
    <property name="java.io.tmpdir" value="C:\Users\HuHuHu\AppData\Local\Temp\"/>
    <property name="idea.version" value="2020.3"/>
    <property name="java.version" value="1.8.0_40"/>
    <property name="user.dir" value="D:\hu\Study\Project\Last-Kilometer\MongodbDemo"/>
    <property name="os.arch" value="amd64"/>
    <property name="java.vm.specification.name" value="Java Virtual Machine Specification"/>
    <property name="java.awt.printerjob" value="sun.awt.windows.WPrinterJob"/>
    <property name="sun.os.patch.level" value=""/>
    <property name="java.library.path" value="D:\hu\Environment\java\jdk8\jre\bin;C:\WINDOWS\Sun\Java\bin;C:\WINDOWS\system32;C:\WINDOWS;C:\ProgramData\Oracle\Java\javapath;C:\Windows\system32;C:\Windows;C:\Windows\System32\Wbem;C:\Windows\System32\WindowsPowerShell\v1.0\;C:\Windows\System32\OpenSSH\;C:\Program Files (x86)\NVIDIA Corporation\PhysX\Common;C:\Program Files\NVIDIA Corporation\NVIDIA NvDLISR;C:\WINDOWS\system32;C:\WINDOWS;C:\WINDOWS\System32\Wbem;C:\WINDOWS\System32\WindowsPowerShell\v1.0\;C:\WINDOWS\System32\OpenSSH\;D:\download\git\Git\cmd;D:\hu\Environment\java\jdk8\bin;D:\hu\Environment\java\jdk8\jre\bin;D:\hu\Environment\Node\;D:\hu\Environment\Maven\apache-maven-3.6.3-bin\apache-maven-3.6.3\bin;C:\Program Files\dotnet\;C:\Users\HuHuHu\AppData\Local\Microsoft\WindowsApps;D:\download\Idea\IntelliJ IDEA 2020.2.4\bin;;D:\download\Microsoft VS Code\bin;C:\Users\HuHuHu\AppData\Local\GitHubDesktop\bin;D:\hu\Environment\Node\node_global;;D:\download\Pycharm\PyCharm 2020.3\bin;;c:\program files (x86)\mydrivers\drivergenius;c:\program files (x86)\mydrivers\drivergenius\ksoft;."/>
    <property name="java.vm.info" value="mixed mode"/>
    <property name="java.vendor" value="Oracle Corporation"/>
    <property name="java.vm.version" value="25.40-b25"/>
    <property name="java.ext.dirs" value="D:\hu\Environment\java\jdk8\jre\lib\ext;C:\WINDOWS\Sun\Java\lib\ext"/>
    <property name="sun.io.unicode.encoding" value="UnicodeLittle"/>
    <property name="java.class.version" value="52.0"/>
  </properties>
  <testcase name="czhtest" classname="com.example.accessingdatamongodb.MyTest" time="0.001">
    <error message="Failed to load ApplicationContext" type="java.lang.IllegalStateException">java.lang.IllegalStateException: Failed to load ApplicationContext
Caused by: org.springframework.context.ApplicationContextException: Failed to start bean 'documentationPluginsBootstrapper'; nested exception is java.lang.NoSuchMethodError: com.google.common.collect.FluentIterable.append(Ljava/lang/Iterable;)Lcom/google/common/collect/FluentIterable;
Caused by: java.lang.NoSuchMethodError: com.google.common.collect.FluentIterable.append(Ljava/lang/Iterable;)Lcom/google/common/collect/FluentIterable;
</error>
    <system-out><![CDATA[10:46:39.354 [main] DEBUG org.springframework.test.context.BootstrapUtils - Instantiating CacheAwareContextLoaderDelegate from class [org.springframework.test.context.cache.DefaultCacheAwareContextLoaderDelegate]
10:46:39.364 [main] DEBUG org.springframework.test.context.BootstrapUtils - Instantiating BootstrapContext using constructor [public org.springframework.test.context.support.DefaultBootstrapContext(java.lang.Class,org.springframework.test.context.CacheAwareContextLoaderDelegate)]
10:46:39.398 [main] DEBUG org.springframework.test.context.BootstrapUtils - Instantiating TestContextBootstrapper for test class [com.example.accessingdatamongodb.MyTest] from class [org.springframework.boot.test.context.SpringBootTestContextBootstrapper]
10:46:39.416 [main] INFO org.springframework.boot.test.context.SpringBootTestContextBootstrapper - Neither @ContextConfiguration nor @ContextHierarchy found for test class [com.example.accessingdatamongodb.MyTest], using SpringBootContextLoader
10:46:39.420 [main] DEBUG org.springframework.test.context.support.AbstractContextLoader - Did not detect default resource location for test class [com.example.accessingdatamongodb.MyTest]: class path resource [com/example/accessingdatamongodb/MyTest-context.xml] does not exist
10:46:39.420 [main] DEBUG org.springframework.test.context.support.AbstractContextLoader - Did not detect default resource location for test class [com.example.accessingdatamongodb.MyTest]: class path resource [com/example/accessingdatamongodb/MyTestContext.groovy] does not exist
10:46:39.421 [main] INFO org.springframework.test.context.support.AbstractContextLoader - Could not detect default resource locations for test class [com.example.accessingdatamongodb.MyTest]: no resource found for suffixes {-context.xml, Context.groovy}.
10:46:39.421 [main] INFO org.springframework.test.context.support.AnnotationConfigContextLoaderUtils - Could not detect default configuration classes for test class [com.example.accessingdatamongodb.MyTest]: MyTest does not declare any static, non-private, non-final, nested classes annotated with @Configuration.
10:46:39.458 [main] DEBUG org.springframework.test.context.support.ActiveProfilesUtils - Could not find an 'annotation declaring class' for annotation type [org.springframework.test.context.ActiveProfiles] and class [com.example.accessingdatamongodb.MyTest]
10:46:39.516 [main] DEBUG org.springframework.context.annotation.ClassPathScanningCandidateComponentProvider - Identified candidate component class: file [D:\hu\Study\Project\Last-Kilometer\MongodbDemo\target\classes\com\example\accessingdatamongodb\AccessingDataMongodbApplication.class]
10:46:39.518 [main] INFO org.springframework.boot.test.context.SpringBootTestContextBootstrapper - Found @SpringBootConfiguration com.example.accessingdatamongodb.AccessingDataMongodbApplication for test class com.example.accessingdatamongodb.MyTest
10:46:39.611 [main] DEBUG org.springframework.boot.test.context.SpringBootTestContextBootstrapper - @TestExecutionListeners is not present for class [com.example.accessingdatamongodb.MyTest]: using defaults.
10:46:39.611 [main] INFO org.springframework.boot.test.context.SpringBootTestContextBootstrapper - Loaded default TestExecutionListener class names from location [META-INF/spring.factories]: [org.springframework.boot.test.mock.mockito.MockitoTestExecutionListener, org.springframework.boot.test.mock.mockito.ResetMocksTestExecutionListener, org.springframework.boot.test.autoconfigure.restdocs.RestDocsTestExecutionListener, org.springframework.boot.test.autoconfigure.web.client.MockRestServiceServerResetTestExecutionListener, org.springframework.boot.test.autoconfigure.web.servlet.MockMvcPrintOnlyOnFailureTestExecutionListener, org.springframework.boot.test.autoconfigure.web.servlet.WebDriverTestExecutionListener, org.springframework.boot.test.autoconfigure.webservices.client.MockWebServiceServerTestExecutionListener, org.springframework.test.context.web.ServletTestExecutionListener, org.springframework.test.context.support.DirtiesContextBeforeModesTestExecutionListener, org.springframework.test.context.support.DependencyInjectionTestExecutionListener, org.springframework.test.context.support.DirtiesContextTestExecutionListener, org.springframework.test.context.transaction.TransactionalTestExecutionListener, org.springframework.test.context.jdbc.SqlScriptsTestExecutionListener, org.springframework.test.context.event.EventPublishingTestExecutionListener]
10:46:39.625 [main] INFO org.springframework.boot.test.context.SpringBootTestContextBootstrapper - Using TestExecutionListeners: [org.springframework.test.context.web.ServletTestExecutionListener@433defed, org.springframework.test.context.support.DirtiesContextBeforeModesTestExecutionListener@2a693f59, org.springframework.boot.test.mock.mockito.MockitoTestExecutionListener@3f4faf53, org.springframework.boot.test.autoconfigure.SpringBootDependencyInjectionTestExecutionListener@7fd50002, org.springframework.test.context.support.DirtiesContextTestExecutionListener@533bda92, org.springframework.test.context.transaction.TransactionalTestExecutionListener@304bb45b, org.springframework.test.context.jdbc.SqlScriptsTestExecutionListener@723ca036, org.springframework.test.context.event.EventPublishingTestExecutionListener@25be7b63, org.springframework.boot.test.mock.mockito.ResetMocksTestExecutionListener@28dcca0c, org.springframework.boot.test.autoconfigure.restdocs.RestDocsTestExecutionListener@45d84a20, org.springframework.boot.test.autoconfigure.web.client.MockRestServiceServerResetTestExecutionListener@52f27fbd, org.springframework.boot.test.autoconfigure.web.servlet.MockMvcPrintOnlyOnFailureTestExecutionListener@4c163e3, org.springframework.boot.test.autoconfigure.web.servlet.WebDriverTestExecutionListener@4a8355dd, org.springframework.boot.test.autoconfigure.webservices.client.MockWebServiceServerTestExecutionListener@4d0d9fe7]
10:46:39.629 [main] DEBUG org.springframework.test.context.support.AbstractDirtiesContextTestExecutionListener - Before test class: context [DefaultTestContext@6f01b95f testClass = MyTest, testInstance = [null], testMethod = [null], testException = [null], mergedContextConfiguration = [WebMergedContextConfiguration@4007f65e testClass = MyTest, locations = '{}', classes = '{class com.example.accessingdatamongodb.AccessingDataMongodbApplication}', contextInitializerClasses = '[]', activeProfiles = '{}', propertySourceLocations = '{}', propertySourceProperties = '{org.springframework.boot.test.context.SpringBootTestContextBootstrapper=true}', contextCustomizers = set[org.springframework.boot.test.context.filter.ExcludeFilterContextCustomizer@9597028, org.springframework.boot.test.json.DuplicateJsonObjectContextCustomizerFactory$DuplicateJsonObjectContextCustomizer@1b7cc17c, org.springframework.boot.test.mock.mockito.MockitoContextCustomizer@0, org.springframework.boot.test.web.client.TestRestTemplateContextCustomizer@18078bef, org.springframework.boot.test.autoconfigure.properties.PropertyMappingContextCustomizer@0, org.springframework.boot.test.autoconfigure.web.servlet.WebDriverContextCustomizerFactory$Customizer@14cd1699, org.springframework.boot.test.context.SpringBootTestArgs@1], resourceBasePath = 'src/main/webapp', contextLoader = 'org.springframework.boot.test.context.SpringBootContextLoader', parent = [null]], attributes = map['org.springframework.test.context.web.ServletTestExecutionListener.activateListener' -> true]], class annotated with @DirtiesContext [false] with mode [null].
10:46:39.653 [main] DEBUG org.springframework.test.context.support.TestPropertySourceUtils - Adding inlined properties to environment: {spring.jmx.enabled=false, org.springframework.boot.test.context.SpringBootTestContextBootstrapper=true}

  .   ____          _            __ _ _
 /\\ / ___'_ __ _ _(_)_ __  __ _ \ \ \ \
( ( )\___ | '_ | '_| | '_ \/ _` | \ \ \ \
 \\/  ___)| |_)| | | | | || (_| |  ) ) ) )
  '  |____| .__|_| |_|_| |_\__, | / / / /
 =========|_|==============|___/=/_/_/_/
 :: Spring Boot ::        (v2.3.2.RELEASE)

2020-12-12 10:46:39.863  INFO 13004 --- [           main] com.example.accessingdatamongodb.MyTest  : Starting MyTest on LAPTOP-T404GAJK with PID 13004 (started by HuHuHu in D:\hu\Study\Project\Last-Kilometer\MongodbDemo)
2020-12-12 10:46:39.865  INFO 13004 --- [           main] com.example.accessingdatamongodb.MyTest  : No active profile set, falling back to default profiles: default
2020-12-12 10:46:40.636  INFO 13004 --- [           main] .s.d.r.c.RepositoryConfigurationDelegate : Bootstrapping Spring Data MongoDB repositories in DEFAULT mode.
2020-12-12 10:46:40.697  INFO 13004 --- [           main] .s.d.r.c.RepositoryConfigurationDelegate : Finished Spring Data repository scanning in 54ms. Found 2 MongoDB repository interfaces.
2020-12-12 10:46:41.474  INFO 13004 --- [           main] org.mongodb.driver.cluster               : Cluster created with settings {hosts=[localhost:27017], mode=SINGLE, requiredClusterType=UNKNOWN, serverSelectionTimeout='30000 ms'}
2020-12-12 10:46:41.532  INFO 13004 --- [localhost:27017] org.mongodb.driver.connection            : Opened connection [connectionId{localValue:1, serverValue:14}] to localhost:27017
2020-12-12 10:46:41.538  INFO 13004 --- [localhost:27017] org.mongodb.driver.cluster               : Monitor thread successfully connected to server with description ServerDescription{address=localhost:27017, type=STANDALONE, state=CONNECTED, ok=true, minWireVersion=0, maxWireVersion=9, maxDocumentSize=16777216, logicalSessionTimeoutMinutes=30, roundTripTimeNanos=3984000}
2020-12-12 10:46:42.586  INFO 13004 --- [           main] pertySourcedRequestMappingHandlerMapping : Mapped URL path [/v2/api-docs] onto method [springfox.documentation.swagger2.web.Swagger2Controller#getDocumentation(String, HttpServletRequest)]
2020-12-12 10:46:42.995  INFO 13004 --- [           main] o.s.s.concurrent.ThreadPoolTaskExecutor  : Initializing ExecutorService 'applicationTaskExecutor'
2020-12-12 10:46:43.317  INFO 13004 --- [           main] d.s.w.p.DocumentationPluginsBootstrapper : Context refreshed
2020-12-12 10:46:43.339  INFO 13004 --- [           main] d.s.w.p.DocumentationPluginsBootstrapper : Found 1 custom documentation plugin(s)
2020-12-12 10:46:43.374  INFO 13004 --- [           main] s.d.s.w.s.ApiListingReferenceScanner     : Scanning for api listing references
2020-12-12 10:46:43.382  WARN 13004 --- [           main] o.s.w.c.s.GenericWebApplicationContext   : Exception encountered during context initialization - cancelling refresh attempt: org.springframework.context.ApplicationContextException: Failed to start bean 'documentationPluginsBootstrapper'; nested exception is java.lang.NoSuchMethodError: com.google.common.collect.FluentIterable.append(Ljava/lang/Iterable;)Lcom/google/common/collect/FluentIterable;
2020-12-12 10:46:43.382  INFO 13004 --- [           main] o.s.s.concurrent.ThreadPoolTaskExecutor  : Shutting down ExecutorService 'applicationTaskExecutor'
2020-12-12 10:46:43.395  INFO 13004 --- [           main] ConditionEvaluationReportLoggingListener : 

Error starting ApplicationContext. To display the conditions report re-run your application with 'debug' enabled.
2020-12-12 10:46:43.398 ERROR 13004 --- [           main] o.s.b.d.LoggingFailureAnalysisReporter   : 

***************************
APPLICATION FAILED TO START
***************************

Description:

An attempt was made to call a method that does not exist. The attempt was made from the following location:

    springfox.documentation.spring.web.scanners.ApiListingScanner.scan(ApiListingScanner.java:117)

The following method did not exist:

    com.google.common.collect.FluentIterable.append(Ljava/lang/Iterable;)Lcom/google/common/collect/FluentIterable;

The method's class, com.google.common.collect.FluentIterable, is available from the following locations:

    jar:file:/D:/hu/Environment/mavenRepo/repository/com/google/guava/guava/16.0/guava-16.0.jar!/com/google/common/collect/FluentIterable.class

The class hierarchy was loaded from the following locations:

    com.google.common.collect.FluentIterable: file:/D:/hu/Environment/mavenRepo/repository/com/google/guava/guava/16.0/guava-16.0.jar


Action:

Correct the classpath of your application so that it contains a single, compatible version of com.google.common.collect.FluentIterable

2020-12-12 10:46:43.405 ERROR 13004 --- [           main] o.s.test.context.TestContextManager      : Caught exception while allowing TestExecutionListener [org.springframework.test.context.web.ServletTestExecutionListener@433defed] to prepare test instance [com.example.accessingdatamongodb.MyTest@7fbf26fc]

java.lang.IllegalStateException: Failed to load ApplicationContext
	at org.springframework.test.context.cache.DefaultCacheAwareContextLoaderDelegate.loadContext(DefaultCacheAwareContextLoaderDelegate.java:132) ~[spring-test-5.2.8.RELEASE.jar:5.2.8.RELEASE]
	at org.springframework.test.context.support.DefaultTestContext.getApplicationContext(DefaultTestContext.java:123) ~[spring-test-5.2.8.RELEASE.jar:5.2.8.RELEASE]
	at org.springframework.test.context.web.ServletTestExecutionListener.setUpRequestContextIfNecessary(ServletTestExecutionListener.java:190) ~[spring-test-5.2.8.RELEASE.jar:5.2.8.RELEASE]
	at org.springframework.test.context.web.ServletTestExecutionListener.prepareTestInstance(ServletTestExecutionListener.java:132) ~[spring-test-5.2.8.RELEASE.jar:5.2.8.RELEASE]
	at org.springframework.test.context.TestContextManager.prepareTestInstance(TestContextManager.java:244) ~[spring-test-5.2.8.RELEASE.jar:5.2.8.RELEASE]
	at org.springframework.test.context.junit.jupiter.SpringExtension.postProcessTestInstance(SpringExtension.java:98) [spring-test-5.2.8.RELEASE.jar:5.2.8.RELEASE]
	at org.junit.jupiter.engine.descriptor.ClassBasedTestDescriptor.lambda$invokeTestInstancePostProcessors$5(ClassBasedTestDescriptor.java:341) [junit-jupiter-engine-5.6.2.jar:5.6.2]
	at org.junit.jupiter.engine.descriptor.ClassBasedTestDescriptor$$Lambda$301/1551446957.execute(Unknown Source) [junit-jupiter-engine-5.6.2.jar:5.6.2]
	at org.junit.jupiter.engine.descriptor.ClassBasedTestDescriptor.executeAndMaskThrowable(ClassBasedTestDescriptor.java:346) [junit-jupiter-engine-5.6.2.jar:5.6.2]
	at org.junit.jupiter.engine.descriptor.ClassBasedTestDescriptor.lambda$invokeTestInstancePostProcessors$6(ClassBasedTestDescriptor.java:341) [junit-jupiter-engine-5.6.2.jar:5.6.2]
	at org.junit.jupiter.engine.descriptor.ClassBasedTestDescriptor$$Lambda$300/1125964210.accept(Unknown Source) [junit-jupiter-engine-5.6.2.jar:5.6.2]
	at java.util.stream.StreamSpliterators$WrappingSpliterator$$Lambda$93/817406040.accept(Unknown Source) [na:1.8.0_40]
	at java.util.stream.ReferencePipeline$3$1.accept(ReferencePipeline.java:193) [na:1.8.0_40]
	at java.util.stream.ReferencePipeline$2$1.accept(ReferencePipeline.java:175) [na:1.8.0_40]
	at java.util.ArrayList$ArrayListSpliterator.forEachRemaining(ArrayList.java:1374) [na:1.8.0_40]
	at java.util.stream.AbstractPipeline.copyInto(AbstractPipeline.java:512) [na:1.8.0_40]
	at java.util.stream.AbstractPipeline.wrapAndCopyInto(AbstractPipeline.java:502) [na:1.8.0_40]
	at java.util.stream.StreamSpliterators$WrappingSpliterator.forEachRemaining(StreamSpliterators.java:312) [na:1.8.0_40]
	at java.util.stream.Streams$ConcatSpliterator.forEachRemaining(Streams.java:743) [na:1.8.0_40]
	at java.util.stream.Streams$ConcatSpliterator.forEachRemaining(Streams.java:742) [na:1.8.0_40]
	at java.util.stream.ReferencePipeline$Head.forEach(ReferencePipeline.java:580) [na:1.8.0_40]
	at org.junit.jupiter.engine.descriptor.ClassBasedTestDescriptor.invokeTestInstancePostProcessors(ClassBasedTestDescriptor.java:340) [junit-jupiter-engine-5.6.2.jar:5.6.2]
	at org.junit.jupiter.engine.descriptor.ClassBasedTestDescriptor.instantiateAndPostProcessTestInstance(ClassBasedTestDescriptor.java:263) [junit-jupiter-engine-5.6.2.jar:5.6.2]
	at org.junit.jupiter.engine.descriptor.ClassBasedTestDescriptor.lambda$testInstancesProvider$2(ClassBasedTestDescriptor.java:256) [junit-jupiter-engine-5.6.2.jar:5.6.2]
	at org.junit.jupiter.engine.descriptor.ClassBasedTestDescriptor$$Lambda$294/1864387098.get(Unknown Source) [junit-jupiter-engine-5.6.2.jar:5.6.2]
	at java.util.Optional.orElseGet(Optional.java:267) [na:1.8.0_40]
	at org.junit.jupiter.engine.descriptor.ClassBasedTestDescriptor.lambda$testInstancesProvider$3(ClassBasedTestDescriptor.java:255) [junit-jupiter-engine-5.6.2.jar:5.6.2]
	at org.junit.jupiter.engine.descriptor.ClassBasedTestDescriptor$$Lambda$199/1579526446.getTestInstances(Unknown Source) [junit-jupiter-engine-5.6.2.jar:5.6.2]
	at org.junit.jupiter.engine.execution.TestInstancesProvider.getTestInstances(TestInstancesProvider.java:29) [junit-jupiter-engine-5.6.2.jar:5.6.2]
	at org.junit.jupiter.engine.descriptor.TestMethodTestDescriptor.lambda$prepare$0(TestMethodTestDescriptor.java:108) [junit-jupiter-engine-5.6.2.jar:5.6.2]
	at org.junit.jupiter.engine.descriptor.TestMethodTestDescriptor$$Lambda$293/713312506.execute(Unknown Source) [junit-jupiter-engine-5.6.2.jar:5.6.2]
	at org.junit.platform.engine.support.hierarchical.ThrowableCollector.execute(ThrowableCollector.java:73) [junit-platform-engine-1.6.2.jar:1.6.2]
	at org.junit.jupiter.engine.descriptor.TestMethodTestDescriptor.prepare(TestMethodTestDescriptor.java:107) [junit-jupiter-engine-5.6.2.jar:5.6.2]
	at org.junit.jupiter.engine.descriptor.TestMethodTestDescriptor.prepare(TestMethodTestDescriptor.java:71) [junit-jupiter-engine-5.6.2.jar:5.6.2]
	at org.junit.platform.engine.support.hierarchical.NodeTestTask.lambda$prepare$1(NodeTestTask.java:107) [junit-platform-engine-1.6.2.jar:1.6.2]
	at org.junit.platform.engine.support.hierarchical.NodeTestTask$$Lambda$154/1075738627.execute(Unknown Source) [junit-platform-engine-1.6.2.jar:1.6.2]
	at org.junit.platform.engine.support.hierarchical.ThrowableCollector.execute(ThrowableCollector.java:73) [junit-platform-engine-1.6.2.jar:1.6.2]
	at org.junit.platform.engine.support.hierarchical.NodeTestTask.prepare(NodeTestTask.java:107) [junit-platform-engine-1.6.2.jar:1.6.2]
	at org.junit.platform.engine.support.hierarchical.NodeTestTask.execute(NodeTestTask.java:75) [junit-platform-engine-1.6.2.jar:1.6.2]
	at org.junit.platform.engine.support.hierarchical.SameThreadHierarchicalTestExecutorService$$Lambda$172/22756955.accept(Unknown Source) [junit-platform-engine-1.6.2.jar:1.6.2]
	at java.util.ArrayList.forEach(ArrayList.java:1249) [na:1.8.0_40]
	at org.junit.platform.engine.support.hierarchical.SameThreadHierarchicalTestExecutorService.invokeAll(SameThreadHierarchicalTestExecutorService.java:38) [junit-platform-engine-1.6.2.jar:1.6.2]
	at org.junit.platform.engine.support.hierarchical.NodeTestTask.lambda$executeRecursively$5(NodeTestTask.java:139) [junit-platform-engine-1.6.2.jar:1.6.2]
	at org.junit.platform.engine.support.hierarchical.NodeTestTask$$Lambda$168/497359413.execute(Unknown Source) [junit-platform-engine-1.6.2.jar:1.6.2]
	at org.junit.platform.engine.support.hierarchical.ThrowableCollector.execute(ThrowableCollector.java:73) [junit-platform-engine-1.6.2.jar:1.6.2]
	at org.junit.platform.engine.support.hierarchical.NodeTestTask.lambda$executeRecursively$7(NodeTestTask.java:125) [junit-platform-engine-1.6.2.jar:1.6.2]
	at org.junit.platform.engine.support.hierarchical.NodeTestTask$$Lambda$167/1832580921.invoke(Unknown Source) [junit-platform-engine-1.6.2.jar:1.6.2]
	at org.junit.platform.engine.support.hierarchical.Node.around(Node.java:135) [junit-platform-engine-1.6.2.jar:1.6.2]
	at org.junit.platform.engine.support.hierarchical.NodeTestTask.lambda$executeRecursively$8(NodeTestTask.java:123) [junit-platform-engine-1.6.2.jar:1.6.2]
	at org.junit.platform.engine.support.hierarchical.NodeTestTask$$Lambda$166/17037394.execute(Unknown Source) [junit-platform-engine-1.6.2.jar:1.6.2]
	at org.junit.platform.engine.support.hierarchical.ThrowableCollector.execute(ThrowableCollector.java:73) [junit-platform-engine-1.6.2.jar:1.6.2]
	at org.junit.platform.engine.support.hierarchical.NodeTestTask.executeRecursively(NodeTestTask.java:122) [junit-platform-engine-1.6.2.jar:1.6.2]
	at org.junit.platform.engine.support.hierarchical.NodeTestTask.execute(NodeTestTask.java:80) [junit-platform-engine-1.6.2.jar:1.6.2]
	at org.junit.platform.engine.support.hierarchical.SameThreadHierarchicalTestExecutorService$$Lambda$172/22756955.accept(Unknown Source) [junit-platform-engine-1.6.2.jar:1.6.2]
	at java.util.ArrayList.forEach(ArrayList.java:1249) [na:1.8.0_40]
	at org.junit.platform.engine.support.hierarchical.SameThreadHierarchicalTestExecutorService.invokeAll(SameThreadHierarchicalTestExecutorService.java:38) [junit-platform-engine-1.6.2.jar:1.6.2]
	at org.junit.platform.engine.support.hierarchical.NodeTestTask.lambda$executeRecursively$5(NodeTestTask.java:139) [junit-platform-engine-1.6.2.jar:1.6.2]
	at org.junit.platform.engine.support.hierarchical.NodeTestTask$$Lambda$168/497359413.execute(Unknown Source) [junit-platform-engine-1.6.2.jar:1.6.2]
	at org.junit.platform.engine.support.hierarchical.ThrowableCollector.execute(ThrowableCollector.java:73) [junit-platform-engine-1.6.2.jar:1.6.2]
	at org.junit.platform.engine.support.hierarchical.NodeTestTask.lambda$executeRecursively$7(NodeTestTask.java:125) [junit-platform-engine-1.6.2.jar:1.6.2]
	at org.junit.platform.engine.support.hierarchical.NodeTestTask$$Lambda$167/1832580921.invoke(Unknown Source) [junit-platform-engine-1.6.2.jar:1.6.2]
	at org.junit.platform.engine.support.hierarchical.Node.around(Node.java:135) [junit-platform-engine-1.6.2.jar:1.6.2]
	at org.junit.platform.engine.support.hierarchical.NodeTestTask.lambda$executeRecursively$8(NodeTestTask.java:123) [junit-platform-engine-1.6.2.jar:1.6.2]
	at org.junit.platform.engine.support.hierarchical.NodeTestTask$$Lambda$166/17037394.execute(Unknown Source) [junit-platform-engine-1.6.2.jar:1.6.2]
	at org.junit.platform.engine.support.hierarchical.ThrowableCollector.execute(ThrowableCollector.java:73) [junit-platform-engine-1.6.2.jar:1.6.2]
	at org.junit.platform.engine.support.hierarchical.NodeTestTask.executeRecursively(NodeTestTask.java:122) [junit-platform-engine-1.6.2.jar:1.6.2]
	at org.junit.platform.engine.support.hierarchical.NodeTestTask.execute(NodeTestTask.java:80) [junit-platform-engine-1.6.2.jar:1.6.2]
	at org.junit.platform.engine.support.hierarchical.SameThreadHierarchicalTestExecutorService.submit(SameThreadHierarchicalTestExecutorService.java:32) [junit-platform-engine-1.6.2.jar:1.6.2]
	at org.junit.platform.engine.support.hierarchical.HierarchicalTestExecutor.execute(HierarchicalTestExecutor.java:57) [junit-platform-engine-1.6.2.jar:1.6.2]
	at org.junit.platform.engine.support.hierarchical.HierarchicalTestEngine.execute(HierarchicalTestEngine.java:51) [junit-platform-engine-1.6.2.jar:1.6.2]
	at org.junit.platform.launcher.core.DefaultLauncher.execute(DefaultLauncher.java:220) [junit-platform-launcher-1.3.1.jar:1.3.1]
	at org.junit.platform.launcher.core.DefaultLauncher.lambda$execute$6(DefaultLauncher.java:188) [junit-platform-launcher-1.3.1.jar:1.3.1]
	at org.junit.platform.launcher.core.DefaultLauncher$$Lambda$138/1805013491.accept(Unknown Source) [junit-platform-launcher-1.3.1.jar:1.3.1]
	at org.junit.platform.launcher.core.DefaultLauncher.withInterceptedStreams(DefaultLauncher.java:202) [junit-platform-launcher-1.3.1.jar:1.3.1]
	at org.junit.platform.launcher.core.DefaultLauncher.execute(DefaultLauncher.java:181) [junit-platform-launcher-1.3.1.jar:1.3.1]
	at org.junit.platform.launcher.core.DefaultLauncher.execute(DefaultLauncher.java:128) [junit-platform-launcher-1.3.1.jar:1.3.1]
	at org.apache.maven.surefire.junitplatform.JUnitPlatformProvider.invokeAllTests(JUnitPlatformProvider.java:150) [surefire-junit-platform-2.22.2.jar:2.22.2]
	at org.apache.maven.surefire.junitplatform.JUnitPlatformProvider.invoke(JUnitPlatformProvider.java:124) [surefire-junit-platform-2.22.2.jar:2.22.2]
	at org.apache.maven.surefire.booter.ForkedBooter.invokeProviderInSameClassLoader(ForkedBooter.java:384) [surefire-booter-2.22.2.jar:2.22.2]
	at org.apache.maven.surefire.booter.ForkedBooter.runSuitesInProcess(ForkedBooter.java:345) [surefire-booter-2.22.2.jar:2.22.2]
	at org.apache.maven.surefire.booter.ForkedBooter.execute(ForkedBooter.java:126) [surefire-booter-2.22.2.jar:2.22.2]
	at org.apache.maven.surefire.booter.ForkedBooter.main(ForkedBooter.java:418) [surefire-booter-2.22.2.jar:2.22.2]
Caused by: org.springframework.context.ApplicationContextException: Failed to start bean 'documentationPluginsBootstrapper'; nested exception is java.lang.NoSuchMethodError: com.google.common.collect.FluentIterable.append(Ljava/lang/Iterable;)Lcom/google/common/collect/FluentIterable;
	at org.springframework.context.support.DefaultLifecycleProcessor.doStart(DefaultLifecycleProcessor.java:185) ~[spring-context-5.2.8.RELEASE.jar:5.2.8.RELEASE]
	at org.springframework.context.support.DefaultLifecycleProcessor.access$200(DefaultLifecycleProcessor.java:53) ~[spring-context-5.2.8.RELEASE.jar:5.2.8.RELEASE]
	at org.springframework.context.support.DefaultLifecycleProcessor$LifecycleGroup.start(DefaultLifecycleProcessor.java:360) ~[spring-context-5.2.8.RELEASE.jar:5.2.8.RELEASE]
	at org.springframework.context.support.DefaultLifecycleProcessor.startBeans(DefaultLifecycleProcessor.java:158) ~[spring-context-5.2.8.RELEASE.jar:5.2.8.RELEASE]
	at org.springframework.context.support.DefaultLifecycleProcessor.onRefresh(DefaultLifecycleProcessor.java:122) ~[spring-context-5.2.8.RELEASE.jar:5.2.8.RELEASE]
	at org.springframework.context.support.AbstractApplicationContext.finishRefresh(AbstractApplicationContext.java:895) ~[spring-context-5.2.8.RELEASE.jar:5.2.8.RELEASE]
	at org.springframework.context.support.AbstractApplicationContext.refresh(AbstractApplicationContext.java:554) ~[spring-context-5.2.8.RELEASE.jar:5.2.8.RELEASE]
	at org.springframework.boot.SpringApplication.refresh(SpringApplication.java:758) ~[spring-boot-2.3.2.RELEASE.jar:2.3.2.RELEASE]
	at org.springframework.boot.SpringApplication.refresh(SpringApplication.java:750) ~[spring-boot-2.3.2.RELEASE.jar:2.3.2.RELEASE]
	at org.springframework.boot.SpringApplication.refreshContext(SpringApplication.java:397) ~[spring-boot-2.3.2.RELEASE.jar:2.3.2.RELEASE]
	at org.springframework.boot.SpringApplication.run(SpringApplication.java:315) ~[spring-boot-2.3.2.RELEASE.jar:2.3.2.RELEASE]
	at org.springframework.boot.test.context.SpringBootContextLoader.loadContext(SpringBootContextLoader.java:120) ~[spring-boot-test-2.3.2.RELEASE.jar:2.3.2.RELEASE]
	at org.springframework.test.context.cache.DefaultCacheAwareContextLoaderDelegate.loadContextInternal(DefaultCacheAwareContextLoaderDelegate.java:99) ~[spring-test-5.2.8.RELEASE.jar:5.2.8.RELEASE]
	at org.springframework.test.context.cache.DefaultCacheAwareContextLoaderDelegate.loadContext(DefaultCacheAwareContextLoaderDelegate.java:124) ~[spring-test-5.2.8.RELEASE.jar:5.2.8.RELEASE]
	... 81 common frames omitted
Caused by: java.lang.NoSuchMethodError: com.google.common.collect.FluentIterable.append(Ljava/lang/Iterable;)Lcom/google/common/collect/FluentIterable;
	at springfox.documentation.spring.web.scanners.ApiListingScanner.scan(ApiListingScanner.java:117) ~[springfox-spring-web-2.9.2.jar:null]
	at springfox.documentation.spring.web.scanners.ApiDocumentationScanner.scan(ApiDocumentationScanner.java:71) ~[springfox-spring-web-2.9.2.jar:null]
	at springfox.documentation.spring.web.plugins.DocumentationPluginsBootstrapper.scanDocumentation(DocumentationPluginsBootstrapper.java:101) ~[springfox-spring-web-2.9.2.jar:null]
	at springfox.documentation.spring.web.plugins.DocumentationPluginsBootstrapper.start(DocumentationPluginsBootstrapper.java:167) ~[springfox-spring-web-2.9.2.jar:null]
	at org.springframework.context.support.DefaultLifecycleProcessor.doStart(DefaultLifecycleProcessor.java:182) ~[spring-context-5.2.8.RELEASE.jar:5.2.8.RELEASE]
	... 94 common frames omitted

]]></system-out>
  </testcase>
</testsuite>